14:16:22.20 [pool-1-thread-2] INFO  o.a.AndroidAnnotationProcessor:86 - Initialize AndroidAnnotationProcessor with options {}
14:16:22.220 [pool-1-thread-2] INFO  o.a.AndroidAnnotationProcessor:117 - Start processing for 2 annotations on 11 elements
14:16:22.290 [pool-1-thread-2] DEBUG o.a.h.AndroidManifestFinder:137 - AndroidManifest.xml file found in parent folder /home/ouyangzhouchao/github/android_test: /home/ouyangzhouchao/github/android_test/AndroidManifest.xml
14:16:22.315 [pool-1-thread-2] INFO  o.a.AndroidAnnotationProcessor:180 - AndroidManifest.xml found: AndroidManifest [applicationPackage=com.example.myapp, componentQualifiedNames=[com.example.myapp.MyActivity, com.example.myapp.activity.RadioBarActivity, com.example.myapp.activity.TargetApiActivity, com.example.myapp.activity.IntrumentInfoAcitivity], permissionQualifiedNames=[], applicationClassName=null, libraryProject=false, debugabble=false, minSdkVersion=14, maxSdkVersion=-1, targetSdkVersion=-1]
14:16:22.316 [pool-1-thread-2] INFO  o.a.r.ProjectRClassFinder:48 - Found project R class: com.example.myapp.R
14:16:22.326 [pool-1-thread-2] INFO  o.a.r.AndroidRClassFinder:44 - Found Android class: android.R
14:16:22.447 [pool-1-thread-2] INFO  o.a.p.ModelValidator:42 - Validating elements
14:16:22.447 [pool-1-thread-2] DEBUG o.a.p.ModelValidator:62 - Validating with EViewGroupHandler: [com.example.myapp.views.EntCenterIndicatorItem]
14:16:22.451 [pool-1-thread-2] DEBUG o.a.p.ModelValidator:62 - Validating with ViewByIdHandler: [itemsTextView]
14:16:22.465 [pool-1-thread-2] INFO  o.a.p.ModelProcessor:73 - Processing root elements
14:16:22.466 [pool-1-thread-2] DEBUG o.a.p.ModelProcessor:80 - Processing root elements EViewGroupHandler: [com.example.myapp.views.EntCenterIndicatorItem]
14:16:22.488 [pool-1-thread-2] INFO  o.a.p.ModelProcessor:104 - Processing enclosed elements
14:16:22.489 [pool-1-thread-2] INFO  o.a.AndroidAnnotationProcessor:259 - Number of files generated by AndroidAnnotations: 1
14:16:22.492 [pool-1-thread-2] INFO  o.a.g.ApiCodeGenerator:52 - Writting following API classes in project: []
14:16:22.493 [pool-1-thread-2] DEBUG o.a.g.SourceCodewriter:55 - Generating class: com.example.myapp.views.EntCenterIndicatorItem_
14:16:22.513 [pool-1-thread-2] INFO  o.a.p.TimeStats:81 - Time measurements: [Whole Processing = 293 ms], [Find R Classes = 87 ms], [Extract Annotations = 55 ms], [Process Annotations = 34 ms], [Extract Manifest = 25 ms], [Generate Sources = 24 ms], [Validate Annotations = 9 ms], 
14:16:22.513 [pool-1-thread-2] INFO  o.a.AndroidAnnotationProcessor:131 - Finish processing
14:18:29.253 [pool-1-thread-2] INFO  o.a.AndroidAnnotationProcessor:86 - Initialize AndroidAnnotationProcessor with options {}
14:18:29.626 [pool-1-thread-2] INFO  o.a.AndroidAnnotationProcessor:117 - Start processing for 2 annotations on 11 elements
14:18:29.710 [pool-1-thread-2] DEBUG o.a.h.AndroidManifestFinder:137 - AndroidManifest.xml file found in parent folder /home/ouyangzhouchao/github/android_test: /home/ouyangzhouchao/github/android_test/AndroidManifest.xml
14:18:29.716 [pool-1-thread-2] INFO  o.a.AndroidAnnotationProcessor:180 - AndroidManifest.xml found: AndroidManifest [applicationPackage=com.example.myapp, componentQualifiedNames=[com.example.myapp.MyActivity, com.example.myapp.activity.RadioBarActivity, com.example.myapp.activity.TargetApiActivity, com.example.myapp.activity.IntrumentInfoAcitivity], permissionQualifiedNames=[], applicationClassName=null, libraryProject=false, debugabble=false, minSdkVersion=14, maxSdkVersion=-1, targetSdkVersion=-1]
14:18:29.717 [pool-1-thread-2] INFO  o.a.r.ProjectRClassFinder:48 - Found project R class: com.example.myapp.R
14:18:29.721 [pool-1-thread-2] INFO  o.a.r.AndroidRClassFinder:44 - Found Android class: android.R
14:18:29.815 [pool-1-thread-2] INFO  o.a.p.ModelValidator:42 - Validating elements
14:18:29.815 [pool-1-thread-2] DEBUG o.a.p.ModelValidator:62 - Validating with EViewGroupHandler: [com.example.myapp.views.EntCenterIndicatorItem]
14:18:29.820 [pool-1-thread-2] DEBUG o.a.p.ModelValidator:62 - Validating with ViewByIdHandler: [itemsTextView]
14:18:29.835 [pool-1-thread-2] INFO  o.a.p.ModelProcessor:73 - Processing root elements
14:18:29.836 [pool-1-thread-2] DEBUG o.a.p.ModelProcessor:80 - Processing root elements EViewGroupHandler: [com.example.myapp.views.EntCenterIndicatorItem]
14:18:29.863 [pool-1-thread-2] INFO  o.a.p.ModelProcessor:104 - Processing enclosed elements
14:18:29.864 [pool-1-thread-2] INFO  o.a.AndroidAnnotationProcessor:259 - Number of files generated by AndroidAnnotations: 1
14:18:29.866 [pool-1-thread-2] INFO  o.a.g.ApiCodeGenerator:52 - Writting following API classes in project: []
14:18:29.868 [pool-1-thread-2] DEBUG o.a.g.SourceCodewriter:55 - Generating class: com.example.myapp.views.EntCenterIndicatorItem_
14:18:29.905 [pool-1-thread-2] INFO  o.a.p.TimeStats:81 - Time measurements: [Whole Processing = 279 ms], [Extract Annotations = 78 ms], [Find R Classes = 70 ms], [Generate Sources = 41 ms], [Process Annotations = 39 ms], [Validate Annotations = 11 ms], [Extract Manifest = 8 ms], 
14:18:29.909 [pool-1-thread-2] INFO  o.a.AndroidAnnotationProcessor:131 - Finish processing
14:18:51.908 [pool-1-thread-2] INFO  o.a.AndroidAnnotationProcessor:86 - Initialize AndroidAnnotationProcessor with options {}
14:18:52.108 [pool-1-thread-2] INFO  o.a.AndroidAnnotationProcessor:117 - Start processing for 2 annotations on 11 elements
14:18:52.154 [pool-1-thread-2] DEBUG o.a.h.AndroidManifestFinder:137 - AndroidManifest.xml file found in parent folder /home/ouyangzhouchao/github/android_test: /home/ouyangzhouchao/github/android_test/AndroidManifest.xml
14:18:52.161 [pool-1-thread-2] INFO  o.a.AndroidAnnotationProcessor:180 - AndroidManifest.xml found: AndroidManifest [applicationPackage=com.example.myapp, componentQualifiedNames=[com.example.myapp.MyActivity, com.example.myapp.activity.RadioBarActivity, com.example.myapp.activity.TargetApiActivity, com.example.myapp.activity.IntrumentInfoAcitivity], permissionQualifiedNames=[], applicationClassName=null, libraryProject=false, debugabble=false, minSdkVersion=14, maxSdkVersion=-1, targetSdkVersion=-1]
14:18:52.161 [pool-1-thread-2] INFO  o.a.r.ProjectRClassFinder:48 - Found project R class: com.example.myapp.R
14:18:52.173 [pool-1-thread-2] INFO  o.a.r.AndroidRClassFinder:44 - Found Android class: android.R
14:18:52.259 [pool-1-thread-2] INFO  o.a.p.ModelValidator:42 - Validating elements
14:18:52.261 [pool-1-thread-2] DEBUG o.a.p.ModelValidator:62 - Validating with EViewGroupHandler: [com.example.myapp.views.EntCenterIndicatorItem]
14:18:52.267 [pool-1-thread-2] DEBUG o.a.p.ModelValidator:62 - Validating with ViewByIdHandler: [itemsTextView]
14:18:52.283 [pool-1-thread-2] INFO  o.a.p.ModelProcessor:73 - Processing root elements
14:18:52.283 [pool-1-thread-2] DEBUG o.a.p.ModelProcessor:80 - Processing root elements EViewGroupHandler: [com.example.myapp.views.EntCenterIndicatorItem]
14:18:52.303 [pool-1-thread-2] INFO  o.a.p.ModelProcessor:104 - Processing enclosed elements
14:18:52.305 [pool-1-thread-2] INFO  o.a.AndroidAnnotationProcessor:259 - Number of files generated by AndroidAnnotations: 1
14:18:52.315 [pool-1-thread-2] INFO  o.a.g.ApiCodeGenerator:52 - Writting following API classes in project: []
14:18:52.316 [pool-1-thread-2] DEBUG o.a.g.SourceCodewriter:55 - Generating class: com.example.myapp.views.EntCenterIndicatorItem_
14:18:52.340 [pool-1-thread-2] INFO  o.a.p.TimeStats:81 - Time measurements: [Whole Processing = 232 ms], [Find R Classes = 72 ms], [Extract Annotations = 44 ms], [Process Annotations = 35 ms], [Generate Sources = 35 ms], [Validate Annotations = 11 ms], [Extract Manifest = 7 ms], 
14:18:52.340 [pool-1-thread-2] INFO  o.a.AndroidAnnotationProcessor:131 - Finish processing
14:19:49.470 [pool-1-thread-2] INFO  o.a.AndroidAnnotationProcessor:86 - Initialize AndroidAnnotationProcessor with options {}
14:19:50.753 [pool-1-thread-2] INFO  o.a.AndroidAnnotationProcessor:86 - Initialize AndroidAnnotationProcessor with options {}
14:19:50.928 [pool-1-thread-2] INFO  o.a.AndroidAnnotationProcessor:117 - Start processing for 2 annotations on 11 elements
14:19:50.960 [pool-1-thread-2] DEBUG o.a.h.AndroidManifestFinder:137 - AndroidManifest.xml file found in parent folder /home/ouyangzhouchao/github/android_test: /home/ouyangzhouchao/github/android_test/AndroidManifest.xml
14:19:50.971 [pool-1-thread-2] INFO  o.a.AndroidAnnotationProcessor:180 - AndroidManifest.xml found: AndroidManifest [applicationPackage=com.example.myapp, componentQualifiedNames=[com.example.myapp.MyActivity, com.example.myapp.activity.RadioBarActivity, com.example.myapp.activity.TargetApiActivity, com.example.myapp.activity.IntrumentInfoAcitivity, com.example.myapp.activity.SlidingPagerAcitivty], permissionQualifiedNames=[], applicationClassName=null, libraryProject=false, debugabble=false, minSdkVersion=14, maxSdkVersion=-1, targetSdkVersion=-1]
14:19:50.972 [pool-1-thread-2] INFO  o.a.r.ProjectRClassFinder:48 - Found project R class: com.example.myapp.R
14:19:50.987 [pool-1-thread-2] INFO  o.a.r.AndroidRClassFinder:44 - Found Android class: android.R
14:19:51.40 [pool-1-thread-2] INFO  o.a.p.ModelValidator:42 - Validating elements
14:19:51.40 [pool-1-thread-2] DEBUG o.a.p.ModelValidator:62 - Validating with EViewGroupHandler: [com.example.myapp.views.EntCenterIndicatorItem]
14:19:51.47 [pool-1-thread-2] DEBUG o.a.p.ModelValidator:62 - Validating with ViewByIdHandler: [itemsTextView]
14:19:51.60 [pool-1-thread-2] INFO  o.a.p.ModelProcessor:73 - Processing root elements
14:19:51.60 [pool-1-thread-2] DEBUG o.a.p.ModelProcessor:80 - Processing root elements EViewGroupHandler: [com.example.myapp.views.EntCenterIndicatorItem]
14:19:51.83 [pool-1-thread-2] INFO  o.a.p.ModelProcessor:104 - Processing enclosed elements
14:19:51.85 [pool-1-thread-2] INFO  o.a.AndroidAnnotationProcessor:259 - Number of files generated by AndroidAnnotations: 1
14:19:51.88 [pool-1-thread-2] INFO  o.a.g.ApiCodeGenerator:52 - Writting following API classes in project: []
14:19:51.89 [pool-1-thread-2] DEBUG o.a.g.SourceCodewriter:55 - Generating class: com.example.myapp.views.EntCenterIndicatorItem_
14:19:51.106 [pool-1-thread-2] INFO  o.a.p.TimeStats:81 - Time measurements: [Whole Processing = 178 ms], [Find R Classes = 46 ms], [Process Annotations = 35 ms], [Extract Annotations = 28 ms], [Generate Sources = 21 ms], [Extract Manifest = 14 ms], [Validate Annotations = 12 ms], 
14:19:51.106 [pool-1-thread-2] INFO  o.a.AndroidAnnotationProcessor:131 - Finish processing
14:20:55.952 [pool-1-thread-2] INFO  o.a.AndroidAnnotationProcessor:86 - Initialize AndroidAnnotationProcessor with options {}
14:29:51.163 [pool-1-thread-2] INFO  o.a.AndroidAnnotationProcessor:86 - Initialize AndroidAnnotationProcessor with options {}
14:29:52.443 [pool-1-thread-2] INFO  o.a.AndroidAnnotationProcessor:86 - Initialize AndroidAnnotationProcessor with options {}
14:29:52.604 [pool-1-thread-2] INFO  o.a.AndroidAnnotationProcessor:117 - Start processing for 2 annotations on 11 elements
14:29:52.635 [pool-1-thread-2] DEBUG o.a.h.AndroidManifestFinder:137 - AndroidManifest.xml file found in parent folder /home/ouyangzhouchao/github/android_test: /home/ouyangzhouchao/github/android_test/AndroidManifest.xml
14:29:52.640 [pool-1-thread-2] INFO  o.a.AndroidAnnotationProcessor:180 - AndroidManifest.xml found: AndroidManifest [applicationPackage=com.example.myapp, componentQualifiedNames=[com.example.myapp.MyActivity, com.example.myapp.activity.RadioBarActivity, com.example.myapp.activity.TargetApiActivity, com.example.myapp.activity.IntrumentInfoAcitivity, com.example.myapp.activity.SlidingPagerAcitivty], permissionQualifiedNames=[], applicationClassName=null, libraryProject=false, debugabble=false, minSdkVersion=14, maxSdkVersion=-1, targetSdkVersion=-1]
14:29:52.641 [pool-1-thread-2] INFO  o.a.r.ProjectRClassFinder:48 - Found project R class: com.example.myapp.R
14:29:52.655 [pool-1-thread-2] INFO  o.a.r.AndroidRClassFinder:44 - Found Android class: android.R
14:29:52.703 [pool-1-thread-2] INFO  o.a.p.ModelValidator:42 - Validating elements
14:29:52.703 [pool-1-thread-2] DEBUG o.a.p.ModelValidator:62 - Validating with EViewGroupHandler: [com.example.myapp.views.EntCenterIndicatorItem]
14:29:52.720 [pool-1-thread-2] DEBUG o.a.p.ModelValidator:62 - Validating with ViewByIdHandler: [itemsTextView]
14:29:52.739 [pool-1-thread-2] INFO  o.a.p.ModelProcessor:73 - Processing root elements
14:29:52.739 [pool-1-thread-2] DEBUG o.a.p.ModelProcessor:80 - Processing root elements EViewGroupHandler: [com.example.myapp.views.EntCenterIndicatorItem]
14:29:52.782 [pool-1-thread-2] INFO  o.a.p.ModelProcessor:104 - Processing enclosed elements
14:29:52.792 [pool-1-thread-2] INFO  o.a.AndroidAnnotationProcessor:259 - Number of files generated by AndroidAnnotations: 1
14:29:52.794 [pool-1-thread-2] INFO  o.a.g.ApiCodeGenerator:52 - Writting following API classes in project: []
14:29:52.796 [pool-1-thread-2] DEBUG o.a.g.SourceCodewriter:55 - Generating class: com.example.myapp.views.EntCenterIndicatorItem_
14:29:52.828 [pool-1-thread-2] INFO  o.a.p.TimeStats:81 - Time measurements: [Whole Processing = 224 ms], [Process Annotations = 69 ms], [Find R Classes = 54 ms], [Generate Sources = 36 ms], [Extract Annotations = 28 ms], [Validate Annotations = 21 ms], [Extract Manifest = 6 ms], 
14:29:52.828 [pool-1-thread-2] INFO  o.a.AndroidAnnotationProcessor:131 - Finish processing
14:33:56.798 [pool-1-thread-2] INFO  o.a.AndroidAnnotationProcessor:86 - Initialize AndroidAnnotationProcessor with options {}
14:33:57.822 [pool-1-thread-2] INFO  o.a.AndroidAnnotationProcessor:86 - Initialize AndroidAnnotationProcessor with options {}
14:33:57.929 [pool-1-thread-2] INFO  o.a.AndroidAnnotationProcessor:117 - Start processing for 2 annotations on 11 elements
14:33:57.946 [pool-1-thread-2] DEBUG o.a.h.AndroidManifestFinder:137 - AndroidManifest.xml file found in parent folder /home/ouyangzhouchao/github/android_test: /home/ouyangzhouchao/github/android_test/AndroidManifest.xml
14:33:57.952 [pool-1-thread-2] INFO  o.a.AndroidAnnotationProcessor:180 - AndroidManifest.xml found: AndroidManifest [applicationPackage=com.example.myapp, componentQualifiedNames=[com.example.myapp.MyActivity, com.example.myapp.activity.RadioBarActivity, com.example.myapp.activity.TargetApiActivity, com.example.myapp.activity.IntrumentInfoAcitivity, com.example.myapp.activity.SlidingPagerAcitivty], permissionQualifiedNames=[], applicationClassName=null, libraryProject=false, debugabble=false, minSdkVersion=14, maxSdkVersion=-1, targetSdkVersion=-1]
14:33:57.952 [pool-1-thread-2] INFO  o.a.r.ProjectRClassFinder:48 - Found project R class: com.example.myapp.R
14:33:57.957 [pool-1-thread-2] INFO  o.a.r.AndroidRClassFinder:44 - Found Android class: android.R
14:33:57.980 [pool-1-thread-2] INFO  o.a.p.ModelValidator:42 - Validating elements
14:33:57.980 [pool-1-thread-2] DEBUG o.a.p.ModelValidator:62 - Validating with EViewGroupHandler: [com.example.myapp.views.EntCenterIndicatorItem]
14:33:57.985 [pool-1-thread-2] DEBUG o.a.p.ModelValidator:62 - Validating with ViewByIdHandler: [itemsTextView]
14:33:58.1 [pool-1-thread-2] INFO  o.a.p.ModelProcessor:73 - Processing root elements
14:33:58.1 [pool-1-thread-2] DEBUG o.a.p.ModelProcessor:80 - Processing root elements EViewGroupHandler: [com.example.myapp.views.EntCenterIndicatorItem]
14:33:58.29 [pool-1-thread-2] INFO  o.a.p.ModelProcessor:104 - Processing enclosed elements
14:33:58.32 [pool-1-thread-2] INFO  o.a.AndroidAnnotationProcessor:259 - Number of files generated by AndroidAnnotations: 1
14:33:58.34 [pool-1-thread-2] INFO  o.a.g.ApiCodeGenerator:52 - Writting following API classes in project: []
14:33:58.36 [pool-1-thread-2] DEBUG o.a.g.SourceCodewriter:55 - Generating class: com.example.myapp.views.EntCenterIndicatorItem_
14:33:58.57 [pool-1-thread-2] INFO  o.a.p.TimeStats:81 - Time measurements: [Whole Processing = 128 ms], [Process Annotations = 41 ms], [Generate Sources = 25 ms], [Find R Classes = 18 ms], [Extract Annotations = 15 ms], [Validate Annotations = 12 ms], [Extract Manifest = 7 ms], 
14:33:58.57 [pool-1-thread-2] INFO  o.a.AndroidAnnotationProcessor:131 - Finish processing
14:35:07.807 [pool-1-thread-2] INFO  o.a.AndroidAnnotationProcessor:86 - Initialize AndroidAnnotationProcessor with options {}
14:35:07.942 [pool-1-thread-2] INFO  o.a.AndroidAnnotationProcessor:117 - Start processing for 2 annotations on 11 elements
14:35:07.967 [pool-1-thread-2] DEBUG o.a.h.AndroidManifestFinder:137 - AndroidManifest.xml file found in parent folder /home/ouyangzhouchao/github/android_test: /home/ouyangzhouchao/github/android_test/AndroidManifest.xml
14:35:07.973 [pool-1-thread-2] INFO  o.a.AndroidAnnotationProcessor:180 - AndroidManifest.xml found: AndroidManifest [applicationPackage=com.example.myapp, componentQualifiedNames=[com.example.myapp.MyActivity, com.example.myapp.activity.RadioBarActivity, com.example.myapp.activity.TargetApiActivity, com.example.myapp.activity.IntrumentInfoAcitivity, com.example.myapp.activity.SlidingPagerAcitivty], permissionQualifiedNames=[], applicationClassName=null, libraryProject=false, debugabble=false, minSdkVersion=14, maxSdkVersion=-1, targetSdkVersion=-1]
14:35:07.974 [pool-1-thread-2] INFO  o.a.r.ProjectRClassFinder:48 - Found project R class: com.example.myapp.R
14:35:07.978 [pool-1-thread-2] INFO  o.a.r.AndroidRClassFinder:44 - Found Android class: android.R
14:35:08.29 [pool-1-thread-2] INFO  o.a.p.ModelValidator:42 - Validating elements
14:35:08.30 [pool-1-thread-2] DEBUG o.a.p.ModelValidator:62 - Validating with EViewGroupHandler: [com.example.myapp.views.EntCenterIndicatorItem]
14:35:08.34 [pool-1-thread-2] DEBUG o.a.p.ModelValidator:62 - Validating with ViewByIdHandler: [itemsTextView]
14:35:08.47 [pool-1-thread-2] INFO  o.a.p.ModelProcessor:73 - Processing root elements
14:35:08.47 [pool-1-thread-2] DEBUG o.a.p.ModelProcessor:80 - Processing root elements EViewGroupHandler: [com.example.myapp.views.EntCenterIndicatorItem]
14:35:08.67 [pool-1-thread-2] INFO  o.a.p.ModelProcessor:104 - Processing enclosed elements
14:35:08.68 [pool-1-thread-2] INFO  o.a.AndroidAnnotationProcessor:259 - Number of files generated by AndroidAnnotations: 1
14:35:08.70 [pool-1-thread-2] INFO  o.a.g.ApiCodeGenerator:52 - Writting following API classes in project: []
14:35:08.72 [pool-1-thread-2] DEBUG o.a.g.SourceCodewriter:55 - Generating class: com.example.myapp.views.EntCenterIndicatorItem_
14:35:08.94 [pool-1-thread-2] INFO  o.a.p.TimeStats:81 - Time measurements: [Whole Processing = 152 ms], [Find R Classes = 46 ms], [Process Annotations = 31 ms], [Generate Sources = 26 ms], [Extract Annotations = 22 ms], [Validate Annotations = 8 ms], [Extract Manifest = 7 ms], 
14:35:08.94 [pool-1-thread-2] INFO  o.a.AndroidAnnotationProcessor:131 - Finish processing
